{"/home/koshun/hexprojects/frontend-project-46/src/index.js": {"path":"/home/koshun/hexprojects/frontend-project-46/src/index.js","all":false,"statementMap":{"0":{"start":{"line":1,"column":0},"end":{"line":1,"column":23}},"1":{"start":{"line":2,"column":0},"end":{"line":2,"column":23}},"2":{"start":{"line":3,"column":0},"end":{"line":3,"column":39}},"3":{"start":{"line":4,"column":0},"end":{"line":4,"column":0}},"4":{"start":{"line":5,"column":0},"end":{"line":5,"column":40}},"5":{"start":{"line":6,"column":0},"end":{"line":6,"column":82}},"6":{"start":{"line":7,"column":0},"end":{"line":7,"column":32}},"7":{"start":{"line":8,"column":0},"end":{"line":8,"column":32}},"8":{"start":{"line":9,"column":0},"end":{"line":9,"column":53}},"9":{"start":{"line":10,"column":0},"end":{"line":10,"column":30}},"10":{"start":{"line":11,"column":0},"end":{"line":11,"column":61}},"11":{"start":{"line":12,"column":0},"end":{"line":12,"column":7}},"12":{"start":{"line":13,"column":0},"end":{"line":13,"column":30}},"13":{"start":{"line":14,"column":0},"end":{"line":14,"column":16}},"14":{"start":{"line":15,"column":0},"end":{"line":15,"column":75}},"15":{"start":{"line":16,"column":0},"end":{"line":16,"column":10}},"16":{"start":{"line":17,"column":0},"end":{"line":17,"column":7}},"17":{"start":{"line":18,"column":0},"end":{"line":18,"column":5}},"18":{"start":{"line":19,"column":0},"end":{"line":19,"column":54}},"19":{"start":{"line":20,"column":0},"end":{"line":20,"column":61}},"20":{"start":{"line":21,"column":0},"end":{"line":21,"column":5}},"21":{"start":{"line":22,"column":0},"end":{"line":22,"column":57}},"22":{"start":{"line":23,"column":0},"end":{"line":23,"column":5}},"23":{"start":{"line":24,"column":0},"end":{"line":24,"column":13}},"24":{"start":{"line":25,"column":0},"end":{"line":25,"column":2}},"25":{"start":{"line":26,"column":0},"end":{"line":26,"column":25}},"26":{"start":{"line":27,"column":0},"end":{"line":27,"column":26}},"27":{"start":{"line":28,"column":0},"end":{"line":28,"column":24}},"28":{"start":{"line":29,"column":0},"end":{"line":29,"column":57}},"29":{"start":{"line":30,"column":0},"end":{"line":30,"column":98}},"30":{"start":{"line":31,"column":0},"end":{"line":31,"column":59}},"31":{"start":{"line":32,"column":0},"end":{"line":32,"column":57}},"32":{"start":{"line":33,"column":0},"end":{"line":33,"column":6}},"33":{"start":{"line":34,"column":0},"end":{"line":34,"column":74}},"34":{"start":{"line":35,"column":0},"end":{"line":35,"column":44}},"35":{"start":{"line":36,"column":0},"end":{"line":36,"column":4}},"36":{"start":{"line":37,"column":0},"end":{"line":37,"column":19}},"37":{"start":{"line":38,"column":0},"end":{"line":38,"column":2}},"38":{"start":{"line":39,"column":0},"end":{"line":39,"column":32}},"39":{"start":{"line":40,"column":0},"end":{"line":40,"column":31}},"40":{"start":{"line":41,"column":0},"end":{"line":41,"column":48}},"41":{"start":{"line":42,"column":0},"end":{"line":42,"column":49}},"42":{"start":{"line":43,"column":0},"end":{"line":43,"column":31}},"43":{"start":{"line":44,"column":0},"end":{"line":44,"column":31}},"44":{"start":{"line":45,"column":0},"end":{"line":45,"column":42}},"45":{"start":{"line":46,"column":0},"end":{"line":46,"column":22}},"46":{"start":{"line":47,"column":0},"end":{"line":47,"column":2}},"47":{"start":{"line":48,"column":0},"end":{"line":48,"column":20}}},"s":{"0":1,"1":1,"2":1,"3":1,"4":1,"5":2,"6":10,"7":10,"8":10,"9":4,"10":2,"11":2,"12":2,"13":2,"14":2,"15":2,"16":2,"17":4,"18":10,"19":4,"20":4,"21":2,"22":2,"23":2,"24":2,"25":1,"26":2,"27":2,"28":2,"29":2,"30":2,"31":2,"32":2,"33":2,"34":2,"35":2,"36":2,"37":2,"38":1,"39":2,"40":2,"41":2,"42":2,"43":2,"44":2,"45":2,"46":2,"47":1},"branchMap":{"0":{"type":"branch","line":5,"loc":{"start":{"line":5,"column":17},"end":{"line":25,"column":2}},"locations":[{"start":{"line":5,"column":17},"end":{"line":25,"column":2}}]},"1":{"type":"branch","line":6,"loc":{"start":{"line":6,"column":73},"end":{"line":23,"column":3}},"locations":[{"start":{"line":6,"column":73},"end":{"line":23,"column":3}}]},"2":{"type":"branch","line":9,"loc":{"start":{"line":9,"column":27},"end":{"line":9,"column":50}},"locations":[{"start":{"line":9,"column":27},"end":{"line":9,"column":50}}]},"3":{"type":"branch","line":9,"loc":{"start":{"line":9,"column":52},"end":{"line":18,"column":5}},"locations":[{"start":{"line":9,"column":52},"end":{"line":18,"column":5}}]},"4":{"type":"branch","line":10,"loc":{"start":{"line":10,"column":29},"end":{"line":17,"column":7}},"locations":[{"start":{"line":10,"column":29},"end":{"line":17,"column":7}}]},"5":{"type":"branch","line":18,"loc":{"start":{"line":18,"column":4},"end":{"line":19,"column":31}},"locations":[{"start":{"line":18,"column":4},"end":{"line":19,"column":31}}]},"6":{"type":"branch","line":19,"loc":{"start":{"line":19,"column":27},"end":{"line":19,"column":51}},"locations":[{"start":{"line":19,"column":27},"end":{"line":19,"column":51}}]},"7":{"type":"branch","line":19,"loc":{"start":{"line":19,"column":53},"end":{"line":21,"column":5}},"locations":[{"start":{"line":19,"column":53},"end":{"line":21,"column":5}}]},"8":{"type":"branch","line":21,"loc":{"start":{"line":21,"column":4},"end":{"line":23,"column":3}},"locations":[{"start":{"line":21,"column":4},"end":{"line":23,"column":3}}]},"9":{"type":"branch","line":26,"loc":{"start":{"line":26,"column":16},"end":{"line":38,"column":2}},"locations":[{"start":{"line":26,"column":16},"end":{"line":38,"column":2}}]},"10":{"type":"branch","line":27,"loc":{"start":{"line":27,"column":16},"end":{"line":36,"column":3}},"locations":[{"start":{"line":27,"column":16},"end":{"line":36,"column":3}}]},"11":{"type":"branch","line":29,"loc":{"start":{"line":29,"column":14},"end":{"line":29,"column":56}},"locations":[{"start":{"line":29,"column":14},"end":{"line":29,"column":56}}]},"12":{"type":"branch","line":30,"loc":{"start":{"line":30,"column":16},"end":{"line":30,"column":97}},"locations":[{"start":{"line":30,"column":16},"end":{"line":30,"column":97}}]},"13":{"type":"branch","line":31,"loc":{"start":{"line":31,"column":16},"end":{"line":31,"column":58}},"locations":[{"start":{"line":31,"column":16},"end":{"line":31,"column":58}}]},"14":{"type":"branch","line":32,"loc":{"start":{"line":32,"column":14},"end":{"line":32,"column":57}},"locations":[{"start":{"line":32,"column":14},"end":{"line":32,"column":57}}]},"15":{"type":"branch","line":34,"loc":{"start":{"line":34,"column":29},"end":{"line":34,"column":72}},"locations":[{"start":{"line":34,"column":29},"end":{"line":34,"column":72}}]},"16":{"type":"branch","line":39,"loc":{"start":{"line":39,"column":13},"end":{"line":47,"column":2}},"locations":[{"start":{"line":39,"column":13},"end":{"line":47,"column":2}}]}},"b":{"0":[2],"1":[10],"2":[8],"3":[4],"4":[2],"5":[6],"6":[4],"7":[4],"8":[2],"9":[2],"10":[2],"11":[2],"12":[2],"13":[4],"14":[2],"15":[10],"16":[2]},"fnMap":{"0":{"name":"makeTree","decl":{"start":{"line":5,"column":17},"end":{"line":25,"column":2}},"loc":{"start":{"line":5,"column":17},"end":{"line":25,"column":2}},"line":5},"1":{"name":"render","decl":{"start":{"line":26,"column":16},"end":{"line":38,"column":2}},"loc":{"start":{"line":26,"column":16},"end":{"line":38,"column":2}},"line":26},"2":{"name":"iter","decl":{"start":{"line":27,"column":16},"end":{"line":36,"column":3}},"loc":{"start":{"line":27,"column":16},"end":{"line":36,"column":3}},"line":27},"3":{"name":"blank","decl":{"start":{"line":29,"column":14},"end":{"line":29,"column":56}},"loc":{"start":{"line":29,"column":14},"end":{"line":29,"column":56}},"line":29},"4":{"name":"changed","decl":{"start":{"line":30,"column":16},"end":{"line":30,"column":97}},"loc":{"start":{"line":30,"column":16},"end":{"line":30,"column":97}},"line":30},"5":{"name":"deleted","decl":{"start":{"line":31,"column":16},"end":{"line":31,"column":58}},"loc":{"start":{"line":31,"column":16},"end":{"line":31,"column":58}},"line":31},"6":{"name":"added","decl":{"start":{"line":32,"column":14},"end":{"line":32,"column":57}},"loc":{"start":{"line":32,"column":14},"end":{"line":32,"column":57}},"line":32},"7":{"name":"diff","decl":{"start":{"line":39,"column":13},"end":{"line":47,"column":2}},"loc":{"start":{"line":39,"column":13},"end":{"line":47,"column":2}},"line":39}},"f":{"0":2,"1":2,"2":2,"3":2,"4":2,"5":4,"6":2,"7":2}}
,"/home/koshun/hexprojects/frontend-project-46/src/utils.js": {"path":"/home/koshun/hexprojects/frontend-project-46/src/utils.js","all":false,"statementMap":{"0":{"start":{"line":1,"column":0},"end":{"line":1,"column":36}},"1":{"start":{"line":2,"column":0},"end":{"line":2,"column":29}},"2":{"start":{"line":3,"column":0},"end":{"line":3,"column":31}},"3":{"start":{"line":4,"column":0},"end":{"line":4,"column":25}},"4":{"start":{"line":5,"column":0},"end":{"line":5,"column":0}},"5":{"start":{"line":6,"column":0},"end":{"line":6,"column":50}},"6":{"start":{"line":7,"column":0},"end":{"line":7,"column":38}},"7":{"start":{"line":8,"column":0},"end":{"line":8,"column":72}},"8":{"start":{"line":9,"column":0},"end":{"line":9,"column":70}}},"s":{"0":1,"1":1,"2":1,"3":1,"4":1,"5":1,"6":1,"7":1,"8":1},"branchMap":{"0":{"type":"branch","line":8,"loc":{"start":{"line":8,"column":25},"end":{"line":8,"column":71}},"locations":[{"start":{"line":8,"column":25},"end":{"line":8,"column":71}}]},"1":{"type":"branch","line":9,"loc":{"start":{"line":9,"column":23},"end":{"line":9,"column":69}},"locations":[{"start":{"line":9,"column":23},"end":{"line":9,"column":69}}]}},"b":{"0":[6],"1":[4]},"fnMap":{"0":{"name":"makePath","decl":{"start":{"line":8,"column":25},"end":{"line":8,"column":71}},"loc":{"start":{"line":8,"column":25},"end":{"line":8,"column":71}},"line":8},"1":{"name":"getFile","decl":{"start":{"line":9,"column":23},"end":{"line":9,"column":69}},"loc":{"start":{"line":9,"column":23},"end":{"line":9,"column":69}},"line":9}},"f":{"0":6,"1":4}}
,"/home/koshun/hexprojects/frontend-project-46/src/parsers/index.js": {"path":"/home/koshun/hexprojects/frontend-project-46/src/parsers/index.js","all":false,"statementMap":{"0":{"start":{"line":1,"column":0},"end":{"line":1,"column":29}},"1":{"start":{"line":2,"column":0},"end":{"line":2,"column":41}},"2":{"start":{"line":3,"column":0},"end":{"line":3,"column":40}},"3":{"start":{"line":4,"column":0},"end":{"line":4,"column":38}},"4":{"start":{"line":5,"column":0},"end":{"line":5,"column":0}},"5":{"start":{"line":6,"column":0},"end":{"line":6,"column":26}},"6":{"start":{"line":7,"column":0},"end":{"line":7,"column":48}},"7":{"start":{"line":8,"column":0},"end":{"line":8,"column":22}},"8":{"start":{"line":9,"column":0},"end":{"line":9,"column":16}},"9":{"start":{"line":10,"column":0},"end":{"line":10,"column":39}},"10":{"start":{"line":11,"column":0},"end":{"line":11,"column":16}},"11":{"start":{"line":12,"column":0},"end":{"line":12,"column":15}},"12":{"start":{"line":13,"column":0},"end":{"line":13,"column":39}},"13":{"start":{"line":14,"column":0},"end":{"line":14,"column":12}},"14":{"start":{"line":15,"column":0},"end":{"line":15,"column":32}},"15":{"start":{"line":16,"column":0},"end":{"line":16,"column":3}},"16":{"start":{"line":17,"column":0},"end":{"line":17,"column":2}}},"s":{"0":1,"1":1,"2":1,"3":1,"4":1,"5":1,"6":4,"7":4,"8":4,"9":2,"10":4,"11":4,"12":2,"13":4,"14":0,"15":4,"16":4},"branchMap":{"0":{"type":"branch","line":6,"loc":{"start":{"line":6,"column":16},"end":{"line":17,"column":2}},"locations":[{"start":{"line":6,"column":16},"end":{"line":17,"column":2}}]},"1":{"type":"branch","line":9,"loc":{"start":{"line":9,"column":4},"end":{"line":10,"column":39}},"locations":[{"start":{"line":9,"column":4},"end":{"line":10,"column":39}}]},"2":{"type":"branch","line":11,"loc":{"start":{"line":11,"column":4},"end":{"line":11,"column":16}},"locations":[{"start":{"line":11,"column":4},"end":{"line":11,"column":16}}]},"3":{"type":"branch","line":12,"loc":{"start":{"line":12,"column":4},"end":{"line":13,"column":39}},"locations":[{"start":{"line":12,"column":4},"end":{"line":13,"column":39}}]},"4":{"type":"branch","line":14,"loc":{"start":{"line":14,"column":4},"end":{"line":15,"column":32}},"locations":[{"start":{"line":14,"column":4},"end":{"line":15,"column":32}}]}},"b":{"0":[4],"1":[2],"2":[0],"3":[2],"4":[0]},"fnMap":{"0":{"name":"default","decl":{"start":{"line":6,"column":16},"end":{"line":17,"column":2}},"loc":{"start":{"line":6,"column":16},"end":{"line":17,"column":2}},"line":6}},"f":{"0":4}}
,"/home/koshun/hexprojects/frontend-project-46/src/parsers/jsonparser.js": {"path":"/home/koshun/hexprojects/frontend-project-46/src/parsers/jsonparser.js","all":false,"statementMap":{"0":{"start":{"line":1,"column":0},"end":{"line":1,"column":42}}},"s":{"0":1},"branchMap":{"0":{"type":"branch","line":1,"loc":{"start":{"line":1,"column":16},"end":{"line":1,"column":41}},"locations":[{"start":{"line":1,"column":16},"end":{"line":1,"column":41}}]}},"b":{"0":[2]},"fnMap":{"0":{"name":"default","decl":{"start":{"line":1,"column":16},"end":{"line":1,"column":41}},"loc":{"start":{"line":1,"column":16},"end":{"line":1,"column":41}},"line":1}},"f":{"0":2}}
,"/home/koshun/hexprojects/frontend-project-46/src/parsers/ymlparser.js": {"path":"/home/koshun/hexprojects/frontend-project-46/src/parsers/ymlparser.js","all":false,"statementMap":{"0":{"start":{"line":1,"column":0},"end":{"line":1,"column":27}},"1":{"start":{"line":2,"column":0},"end":{"line":2,"column":0}},"2":{"start":{"line":3,"column":0},"end":{"line":3,"column":41}}},"s":{"0":1,"1":1,"2":1},"branchMap":{"0":{"type":"branch","line":3,"loc":{"start":{"line":3,"column":16},"end":{"line":3,"column":40}},"locations":[{"start":{"line":3,"column":16},"end":{"line":3,"column":40}}]}},"b":{"0":[2]},"fnMap":{"0":{"name":"default","decl":{"start":{"line":3,"column":16},"end":{"line":3,"column":40}},"loc":{"start":{"line":3,"column":16},"end":{"line":3,"column":40}},"line":3}},"f":{"0":2}}
}
