TN:
SF:src/index.js
FN:5,makeTree
FN:26,render
FN:27,iter
FN:29,blank
FN:30,changed
FN:31,deleted
FN:32,added
FN:39,diff
FNF:8
FNH:8
FNDA:2,makeTree
FNDA:2,render
FNDA:2,iter
FNDA:2,blank
FNDA:2,changed
FNDA:4,deleted
FNDA:2,added
FNDA:2,diff
DA:1,1
DA:2,1
DA:3,1
DA:4,1
DA:5,1
DA:6,2
DA:7,10
DA:8,10
DA:9,10
DA:10,4
DA:11,2
DA:12,2
DA:13,2
DA:14,2
DA:15,2
DA:16,2
DA:17,2
DA:18,4
DA:19,10
DA:20,4
DA:21,4
DA:22,2
DA:23,2
DA:24,2
DA:25,2
DA:26,1
DA:27,2
DA:28,2
DA:29,2
DA:30,2
DA:31,2
DA:32,2
DA:33,2
DA:34,2
DA:35,2
DA:36,2
DA:37,2
DA:38,2
DA:39,1
DA:40,2
DA:41,2
DA:42,2
DA:43,2
DA:44,2
DA:45,2
DA:46,2
DA:47,2
DA:48,1
LF:48
LH:48
BRDA:5,0,0,2
BRDA:6,1,0,10
BRDA:9,2,0,8
BRDA:9,3,0,4
BRDA:10,4,0,2
BRDA:18,5,0,6
BRDA:19,6,0,4
BRDA:19,7,0,4
BRDA:21,8,0,2
BRDA:26,9,0,2
BRDA:27,10,0,2
BRDA:29,11,0,2
BRDA:30,12,0,2
BRDA:31,13,0,4
BRDA:32,14,0,2
BRDA:34,15,0,10
BRDA:39,16,0,2
BRF:17
BRH:17
end_of_record
TN:
SF:src/utils.js
FN:8,makePath
FN:9,getFile
FNF:2
FNH:2
FNDA:6,makePath
FNDA:4,getFile
DA:1,1
DA:2,1
DA:3,1
DA:4,1
DA:5,1
DA:6,1
DA:7,1
DA:8,1
DA:9,1
LF:9
LH:9
BRDA:8,0,0,6
BRDA:9,1,0,4
BRF:2
BRH:2
end_of_record
TN:
SF:src/parsers/index.js
FN:6,default
FNF:1
FNH:1
FNDA:4,default
DA:1,1
DA:2,1
DA:3,1
DA:4,1
DA:5,1
DA:6,1
DA:7,4
DA:8,4
DA:9,4
DA:10,2
DA:11,4
DA:12,4
DA:13,2
DA:14,4
DA:15,0
DA:16,4
DA:17,4
LF:17
LH:16
BRDA:6,0,0,4
BRDA:9,1,0,2
BRDA:11,2,0,0
BRDA:12,3,0,2
BRDA:14,4,0,0
BRF:5
BRH:3
end_of_record
TN:
SF:src/parsers/jsonparser.js
FN:1,default
FNF:1
FNH:1
FNDA:2,default
DA:1,1
LF:1
LH:1
BRDA:1,0,0,2
BRF:1
BRH:1
end_of_record
TN:
SF:src/parsers/ymlparser.js
FN:3,default
FNF:1
FNH:1
FNDA:2,default
DA:1,1
DA:2,1
DA:3,1
LF:3
LH:3
BRDA:3,0,0,2
BRF:1
BRH:1
end_of_record
